<?xml version="1.0" encoding="UTF-8"?>
<robot generator="Robot 6.1.1 (Python 3.13.3 on win32)" generated="20250805 11:32:33.258" rpa="false" schemaversion="4">
<suite id="s1" name="Hello" source="C:\Users\DJ\Documents\projectan\robot-framework-wemind\hello.robot">
<test id="s1-t1" name="Hello World" line="2">
<kw name="Log" library="BuiltIn">
<arg>Hello, Robot Framework!</arg>
<doc>Logs the given message with the given level.</doc>
<msg timestamp="20250805 11:32:33.310" level="INFO">Hello, Robot Framework!</msg>
<status status="PASS" starttime="20250805 11:32:33.310" endtime="20250805 11:32:33.311"/>
</kw>
<status status="PASS" starttime="20250805 11:32:33.310" endtime="20250805 11:32:33.311"/>
</test>
<status status="PASS" starttime="20250805 11:32:33.260" endtime="20250805 11:32:33.313"/>
</suite>
<statistics>
<total>
<stat pass="1" fail="0" skip="0">All Tests</stat>
</total>
<tag>
</tag>
<suite>
<stat pass="1" fail="0" skip="0" id="s1" name="Hello">Hello</stat>
</suite>
</statistics>
<errors>
</errors>
</robot>
