<?xml version="1.0" encoding="UTF-8"?>
<robot generator="Robot 6.1.1 (Python 3.13.3 on win32)" generated="20250807 16:45:21.343" rpa="false" schemaversion="4">
<suite id="s1" name="Exposure" source="C:\Users\DJ\Documents\projectan\robot-framework-wemind\WeMind\Exposure\exposure.robot">
<kw name="Run Keywords" library="BuiltIn" type="SETUP">
<arg>Open Browser And Login</arg>
<arg>AND</arg>
<arg>Set Test Date</arg>
<doc>Executes all the given keywords in a sequence.</doc>
<kw name="Open Browser And Login" library="common_keywords">
<kw name="Open Browser" library="SeleniumLibrary">
<arg>${LOGIN_URL}</arg>
<arg>${BROWSER}</arg>
<doc>Opens a new browser instance to the optional ``url``.</doc>
<msg timestamp="20250807 16:45:22.092" level="INFO">Opening browser 'Chrome' to base url 'https://new.staging.we-mind.app/auth/actor?lang=us'.</msg>
<status status="PASS" starttime="20250807 16:45:22.091" endtime="20250807 16:45:23.869"/>
</kw>
<kw name="Maximize Browser Window" library="SeleniumLibrary">
<doc>Maximizes current browser window.</doc>
<status status="PASS" starttime="20250807 16:45:23.869" endtime="20250807 16:45:23.896"/>
</kw>
<kw name="Sleep" library="BuiltIn">
<arg>2s</arg>
<doc>Pauses the test executed for the given time.</doc>
<msg timestamp="20250807 16:45:25.897" level="INFO">Slept 2 seconds</msg>
<status status="PASS" starttime="20250807 16:45:23.896" endtime="20250807 16:45:25.898"/>
</kw>
<kw name="Click Button" library="SeleniumLibrary">
<arg>xpath=//button[.//span[text()='I am a therapist']]</arg>
<doc>Clicks the button identified by ``locator``.</doc>
<msg timestamp="20250807 16:45:25.900" level="INFO">Clicking button 'xpath=//button[.//span[text()='I am a therapist']]'.</msg>
<status status="PASS" starttime="20250807 16:45:25.898" endtime="20250807 16:45:26.011"/>
</kw>
<kw name="Wait Until Element Is Visible" library="SeleniumLibrary">
<arg>${field_email}</arg>
<arg>timeout=5s</arg>
<doc>Waits until the element ``locator`` is visible.</doc>
<status status="PASS" starttime="20250807 16:45:26.011" endtime="20250807 16:45:26.363"/>
</kw>
<kw name="Wait Until Element Is Visible" library="SeleniumLibrary">
<arg>${field_password}</arg>
<arg>timeout=5s</arg>
<doc>Waits until the element ``locator`` is visible.</doc>
<status status="PASS" starttime="20250807 16:45:26.363" endtime="20250807 16:45:26.409"/>
</kw>
<kw name="Wait Until Element Is Visible" library="SeleniumLibrary">
<arg>${btn_login}</arg>
<arg>timeout=5s</arg>
<doc>Waits until the element ``locator`` is visible.</doc>
<status status="PASS" starttime="20250807 16:45:26.409" endtime="20250807 16:45:26.449"/>
</kw>
<kw name="Input Text" library="SeleniumLibrary">
<arg>${field_email}</arg>
<arg>${USERNAME}</arg>
<doc>Types the given ``text`` into the text field identified by ``locator``.</doc>
<msg timestamp="20250807 16:45:26.450" level="INFO">Typing text 'auto-cypress@moovd.nl' into text field 'xpath://input[@placeholder='Enter your email']'.</msg>
<status status="PASS" starttime="20250807 16:45:26.449" endtime="20250807 16:45:26.626"/>
</kw>
<kw name="Input Text" library="SeleniumLibrary">
<arg>${field_password}</arg>
<arg>${PASSWORD}</arg>
<doc>Types the given ``text`` into the text field identified by ``locator``.</doc>
<msg timestamp="20250807 16:45:26.627" level="INFO">Typing text 'Test@1234' into text field 'xpath://input[@placeholder='Your password']'.</msg>
<status status="PASS" starttime="20250807 16:45:26.626" endtime="20250807 16:45:26.718"/>
</kw>
<kw name="Click Button" library="SeleniumLibrary">
<arg>${btn_login}</arg>
<doc>Clicks the button identified by ``locator``.</doc>
<msg timestamp="20250807 16:45:26.718" level="INFO">Clicking button 'xpath://button[.//span[text()='Login']]'.</msg>
<status status="PASS" starttime="20250807 16:45:26.718" endtime="20250807 16:45:26.784"/>
</kw>
<status status="PASS" starttime="20250807 16:45:22.091" endtime="20250807 16:45:26.784"/>
</kw>
<kw name="Set Test Date" library="common_keywords">
<kw name="Get Current Date" library="DateTime">
<var>${date}</var>
<arg>result_format=%Y-%m-%d</arg>
<doc>Returns current local or UTC time with an optional increment.</doc>
<msg timestamp="20250807 16:45:26.785" level="INFO">${date} = 2025-08-07</msg>
<status status="PASS" starttime="20250807 16:45:26.785" endtime="20250807 16:45:26.785"/>
</kw>
<kw name="Set Suite Variable" library="BuiltIn">
<arg>${TODAY}</arg>
<arg>${date}</arg>
<doc>Makes a variable available everywhere within the scope of the current suite.</doc>
<msg timestamp="20250807 16:45:26.785" level="INFO">${TODAY} = 2025-08-07</msg>
<status status="PASS" starttime="20250807 16:45:26.785" endtime="20250807 16:45:26.785"/>
</kw>
<status status="PASS" starttime="20250807 16:45:26.784" endtime="20250807 16:45:26.785"/>
</kw>
<status status="PASS" starttime="20250807 16:45:22.091" endtime="20250807 16:45:26.785"/>
</kw>
<test id="s1-t1" name="Copy Link And Visit The Link" line="35">
<kw name="Navigate To Exposure Session" type="SETUP">
<doc>This keyword acts as the 'beforeEach' block from Cypress.</doc>
<kw name="Wait Until Element Is Visible" library="SeleniumLibrary">
<arg>${START_SESSION_BUTTON}</arg>
<arg>timeout=10s</arg>
<doc>Waits until the element ``locator`` is visible.</doc>
<status status="PASS" starttime="20250807 16:45:26.786" endtime="20250807 16:45:30.045"/>
</kw>
<kw name="Click Element" library="SeleniumLibrary">
<arg>${START_SESSION_BUTTON}</arg>
<doc>Click the element identified by ``locator``.</doc>
<msg timestamp="20250807 16:45:30.045" level="INFO">Clicking element 'xpath=//button[.//span[text()='Start Quick Session']]'.</msg>
<status status="PASS" starttime="20250807 16:45:30.045" endtime="20250807 16:45:30.105"/>
</kw>
<status status="PASS" starttime="20250807 16:45:26.786" endtime="20250807 16:45:30.105"/>
</kw>
<kw name="Copy Session Link">
<var>${clipboard_link}</var>
<doc>Clicks the 'Copy Link' button and retrieves the text from the clipboard.</doc>
<kw name="Wait Until Element Is Visible" library="SeleniumLibrary">
<arg>${COPY_LINK_BUTTON}</arg>
<doc>Waits until the element ``locator`` is visible.</doc>
<status status="PASS" starttime="20250807 16:45:30.106" endtime="20250807 16:45:31.422"/>
</kw>
<kw name="Click Element" library="SeleniumLibrary">
<arg>${COPY_LINK_BUTTON}</arg>
<doc>Click the element identified by ``locator``.</doc>
<msg timestamp="20250807 16:45:31.423" level="INFO">Clicking element 'xpath=(//span[@class='ng-star-inserted' and normalize-space(text())='Copy Link'])[1]'.</msg>
<status status="PASS" starttime="20250807 16:45:31.422" endtime="20250807 16:45:31.527"/>
</kw>
<kw name="Sleep" library="BuiltIn">
<arg>1s</arg>
<doc>Pauses the test executed for the given time.</doc>
<msg timestamp="20250807 16:45:32.528" level="INFO">Slept 1 second</msg>
<status status="PASS" starttime="20250807 16:45:31.528" endtime="20250807 16:45:32.528"/>
</kw>
<kw name="Get Clipboard Text" library="ClipboardLibrary">
<var>${clipboard_text}</var>
<msg timestamp="20250807 16:45:32.530" level="INFO">${clipboard_text} = https://new.staging.we-mind.app/client/session?sessionId=354311</msg>
<status status="PASS" starttime="20250807 16:45:32.528" endtime="20250807 16:45:32.530"/>
</kw>
<msg timestamp="20250807 16:45:32.531" level="INFO">${clipboard_link} = https://new.staging.we-mind.app/client/session?sessionId=354311</msg>
<status status="PASS" starttime="20250807 16:45:30.105" endtime="20250807 16:45:32.531"/>
</kw>
<kw name="Log" library="BuiltIn">
<arg>Copied Link: ${clipboard_link}</arg>
<doc>Logs the given message with the given level.</doc>
<msg timestamp="20250807 16:45:32.531" level="INFO">Copied Link: https://new.staging.we-mind.app/client/session?sessionId=354311</msg>
<status status="PASS" starttime="20250807 16:45:32.531" endtime="20250807 16:45:32.531"/>
</kw>
<kw name="Should Not Be Empty" library="BuiltIn">
<arg>${clipboard_link}</arg>
<doc>Verifies that the given item is not empty.</doc>
<msg timestamp="20250807 16:45:32.532" level="INFO">Length is 63</msg>
<status status="PASS" starttime="20250807 16:45:32.532" endtime="20250807 16:45:32.532"/>
</kw>
<kw name="Should Contain" library="BuiltIn">
<arg>${clipboard_link}</arg>
<arg>https://</arg>
<doc>Fails if ``container`` does not contain ``item`` one or more times.</doc>
<status status="PASS" starttime="20250807 16:45:32.533" endtime="20250807 16:45:32.533"/>
</kw>
<kw name="Should Contain" library="BuiltIn">
<arg>${clipboard_link}</arg>
<arg>${SESSION_URL_PARTIAL}</arg>
<doc>Fails if ``container`` does not contain ``item`` one or more times.</doc>
<status status="PASS" starttime="20250807 16:45:32.533" endtime="20250807 16:45:32.534"/>
</kw>
<kw name="Sleep" library="BuiltIn">
<arg>2s</arg>
<doc>Pauses the test executed for the given time.</doc>
<msg timestamp="20250807 16:45:34.535" level="INFO">Slept 2 seconds</msg>
<status status="PASS" starttime="20250807 16:45:32.534" endtime="20250807 16:45:34.535"/>
</kw>
<kw name="Open Browser" library="SeleniumLibrary">
<arg>${clipboard_link}</arg>
<arg>chrome</arg>
<doc>Opens a new browser instance to the optional ``url``.</doc>
<msg timestamp="20250807 16:45:34.537" level="INFO">Opening browser 'chrome' to base url 'https://new.staging.we-mind.app/client/session?sessionId=354311'.</msg>
<status status="PASS" starttime="20250807 16:45:34.536" endtime="20250807 16:45:36.095"/>
</kw>
<kw name="Set Window Size" library="SeleniumLibrary">
<arg>1280</arg>
<arg>800</arg>
<doc>Sets current windows size to given ``width`` and ``height``.</doc>
<status status="PASS" starttime="20250807 16:45:36.096" endtime="20250807 16:45:36.463"/>
</kw>
<kw name="Wait Until Location Contains" library="SeleniumLibrary">
<arg>${SESSION_URL_PARTIAL}</arg>
<arg>timeout=10s</arg>
<doc>Waits until the current URL contains ``expected``.</doc>
<status status="PASS" starttime="20250807 16:45:36.464" endtime="20250807 16:45:36.474"/>
</kw>
<kw name="Log" library="BuiltIn">
<arg>Successfully visited the client session link in a new browser session.</arg>
<doc>Logs the given message with the given level.</doc>
<msg timestamp="20250807 16:45:36.474" level="INFO">Successfully visited the client session link in a new browser session.</msg>
<status status="PASS" starttime="20250807 16:45:36.474" endtime="20250807 16:45:36.474"/>
</kw>
<kw name="Click Element" library="SeleniumLibrary">
<arg>xpath=//button[.//span[text()='Enter Session']]</arg>
<doc>Click the element identified by ``locator``.</doc>
<msg timestamp="20250807 16:45:36.475" level="INFO">Clicking element 'xpath=//button[.//span[text()='Enter Session']]'.</msg>
<status status="PASS" starttime="20250807 16:45:36.474" endtime="20250807 16:45:36.648"/>
</kw>
<kw name="Sleep" library="BuiltIn">
<arg>1s</arg>
<doc>Pauses the test executed for the given time.</doc>
<msg timestamp="20250807 16:45:37.650" level="INFO">Slept 1 second</msg>
<status status="PASS" starttime="20250807 16:45:36.649" endtime="20250807 16:45:37.650"/>
</kw>
<kw name="Wait Until Element Is Not Visible" library="SeleniumLibrary">
<arg>xpath=//button[.//span[text()='Enter Session']]</arg>
<arg>timeout=2s</arg>
<doc>Waits until the element ``locator`` is not visible.</doc>
<status status="PASS" starttime="20250807 16:45:37.650" endtime="20250807 16:45:37.662"/>
</kw>
<kw name="Log" library="BuiltIn">
<arg>Enter Session button is no longer visible.</arg>
<doc>Logs the given message with the given level.</doc>
<msg timestamp="20250807 16:45:37.663" level="INFO">Enter Session button is no longer visible.</msg>
<status status="PASS" starttime="20250807 16:45:37.662" endtime="20250807 16:45:37.663"/>
</kw>
<kw name="Close Browser" library="SeleniumLibrary">
<doc>Closes the current browser.</doc>
<status status="PASS" starttime="20250807 16:45:37.663" endtime="20250807 16:45:39.764"/>
</kw>
<kw name="Run Keywords" library="BuiltIn" type="TEARDOWN">
<arg>Auto Screenshot If Failed</arg>
<arg>AND</arg>
<arg>Sleep</arg>
<arg>1s</arg>
<doc>Executes all the given keywords in a sequence.</doc>
<kw name="Auto Screenshot If Failed" library="common_keywords">
<kw name="Run Keyword If Test Failed" library="BuiltIn">
<arg>Create Screenshot Directory And Capture</arg>
<doc>Runs the given keyword with the given arguments, if the test failed.</doc>
<status status="PASS" starttime="20250807 16:45:39.767" endtime="20250807 16:45:39.767"/>
</kw>
<status status="PASS" starttime="20250807 16:45:39.766" endtime="20250807 16:45:39.768"/>
</kw>
<kw name="Sleep" library="BuiltIn">
<arg>1s</arg>
<doc>Pauses the test executed for the given time.</doc>
<msg timestamp="20250807 16:45:40.769" level="INFO">Slept 1 second</msg>
<status status="PASS" starttime="20250807 16:45:39.768" endtime="20250807 16:45:40.770"/>
</kw>
<status status="PASS" starttime="20250807 16:45:39.766" endtime="20250807 16:45:40.770"/>
</kw>
<tag>focus</tag>
<tag>smoke</tag>
<status status="PASS" starttime="20250807 16:45:26.785" endtime="20250807 16:45:40.772"/>
</test>
<test id="s1-t2" name="Upload Media From Moovd Library" line="60">
<kw name="Navigate To Exposure Session" type="SETUP">
<doc>This keyword acts as the 'beforeEach' block from Cypress.</doc>
<kw name="Wait Until Element Is Visible" library="SeleniumLibrary">
<arg>${START_SESSION_BUTTON}</arg>
<arg>timeout=10s</arg>
<doc>Waits until the element ``locator`` is visible.</doc>
<msg timestamp="20250807 16:45:40.781" level="INFO">Cannot capture screenshot because no browser is open.</msg>
<msg timestamp="20250807 16:45:40.781" level="FAIL">No browser is open.</msg>
<status status="FAIL" starttime="20250807 16:45:40.778" endtime="20250807 16:45:40.784"/>
</kw>
<kw name="Click Element" library="SeleniumLibrary">
<arg>${START_SESSION_BUTTON}</arg>
<doc>Click the element identified by ``locator``.</doc>
<status status="NOT RUN" starttime="20250807 16:45:40.784" endtime="20250807 16:45:40.784"/>
</kw>
<status status="FAIL" starttime="20250807 16:45:40.777" endtime="20250807 16:45:40.784"/>
</kw>
<kw name="Run Keywords" library="BuiltIn" type="TEARDOWN">
<arg>Auto Screenshot If Failed</arg>
<arg>AND</arg>
<arg>Sleep</arg>
<arg>1s</arg>
<doc>Executes all the given keywords in a sequence.</doc>
<kw name="Auto Screenshot If Failed" library="common_keywords">
<kw name="Run Keyword If Test Failed" library="BuiltIn">
<arg>Create Screenshot Directory And Capture</arg>
<doc>Runs the given keyword with the given arguments, if the test failed.</doc>
<kw name="Create Screenshot Directory And Capture" library="common_keywords">
<doc>Creates a dated directory and captures a screenshot upon failure.</doc>
<kw name="Log To Console" library="BuiltIn">
<arg>\n--- DEBUGGING SCREENSHOT ---</arg>
<doc>Logs the given message to the console.</doc>
<status status="PASS" starttime="20250807 16:45:40.786" endtime="20250807 16:45:40.786"/>
</kw>
<kw name="Log To Console" library="BuiltIn">
<arg>[Mata-Mata] Nilai ${TODAY} adalah: '${TODAY}'</arg>
<doc>Logs the given message to the console.</doc>
<status status="PASS" starttime="20250807 16:45:40.786" endtime="20250807 16:45:40.786"/>
</kw>
<kw name="Set Variable" library="BuiltIn">
<var>${dir}</var>
<arg>results/${TODAY}</arg>
<doc>Returns the given values which can then be assigned to a variables.</doc>
<msg timestamp="20250807 16:45:40.787" level="INFO">${dir} = results/2025-08-07</msg>
<status status="PASS" starttime="20250807 16:45:40.786" endtime="20250807 16:45:40.787"/>
</kw>
<kw name="Log To Console" library="BuiltIn">
<arg>[Mata-Mata] Direktori yang akan dibuat: '${dir}'</arg>
<doc>Logs the given message to the console.</doc>
<status status="PASS" starttime="20250807 16:45:40.787" endtime="20250807 16:45:40.787"/>
</kw>
<kw name="Create Directory" library="OperatingSystem">
<arg>${dir}</arg>
<doc>Creates the specified directory.</doc>
<msg timestamp="20250807 16:45:40.787" level="INFO" html="true">Directory '&lt;a href="file://C:\Users\DJ\Documents\projectan\robot-framework-wemind\results\2025-08-07"&gt;C:\Users\DJ\Documents\projectan\robot-framework-wemind\results\2025-08-07&lt;/a&gt;' already exists.</msg>
<status status="PASS" starttime="20250807 16:45:40.787" endtime="20250807 16:45:40.787"/>
</kw>
<kw name="Get Time" library="BuiltIn">
<var>${time}</var>
<arg>result_format=%H-%M</arg>
<doc>Returns the given time in the requested format.</doc>
<msg timestamp="20250807 16:45:40.788" level="INFO">${time} = 2025-08-07 16:45:40</msg>
<status status="PASS" starttime="20250807 16:45:40.787" endtime="20250807 16:45:40.788"/>
</kw>
<kw name="Set Variable" library="BuiltIn">
<var>${filename}</var>
<arg>TES_GANTENG_BERHASIL_${time}.png</arg>
<doc>Returns the given values which can then be assigned to a variables.</doc>
<msg timestamp="20250807 16:45:40.788" level="INFO">${filename} = TES_GANTENG_BERHASIL_2025-08-07 16:45:40.png</msg>
<status status="PASS" starttime="20250807 16:45:40.788" endtime="20250807 16:45:40.788"/>
</kw>
<kw name="Set Variable" library="BuiltIn">
<var>${screenshot_path}</var>
<arg>${dir}/${filename}</arg>
<doc>Returns the given values which can then be assigned to a variables.</doc>
<msg timestamp="20250807 16:45:40.788" level="INFO">${screenshot_path} = results/2025-08-07/TES_GANTENG_BERHASIL_2025-08-07 16:45:40.png</msg>
<status status="PASS" starttime="20250807 16:45:40.788" endtime="20250807 16:45:40.788"/>
</kw>
<kw name="Log To Console" library="BuiltIn">
<arg>[Mata-Mata] Path screenshot lengkap: '${screenshot_path}'</arg>
<doc>Logs the given message to the console.</doc>
<status status="PASS" starttime="20250807 16:45:40.788" endtime="20250807 16:45:40.789"/>
</kw>
<kw name="Log To Console" library="BuiltIn">
<arg>--- SELESAI DEBUGGING ---\n</arg>
<doc>Logs the given message to the console.</doc>
<status status="PASS" starttime="20250807 16:45:40.789" endtime="20250807 16:45:40.789"/>
</kw>
<kw name="Capture Page Screenshot" library="SeleniumLibrary">
<arg>${screenshot_path}</arg>
<doc>Takes a screenshot of the current page and embeds it into a log file.</doc>
<msg timestamp="20250807 16:45:40.789" level="INFO">Cannot capture screenshot because no browser is open.</msg>
<status status="PASS" starttime="20250807 16:45:40.789" endtime="20250807 16:45:40.789"/>
</kw>
<kw name="Log To Console" library="BuiltIn">
<arg>[Screenshot saved to] ${screenshot_path}</arg>
<doc>Logs the given message to the console.</doc>
<status status="PASS" starttime="20250807 16:45:40.789" endtime="20250807 16:45:40.790"/>
</kw>
<status status="PASS" starttime="20250807 16:45:40.786" endtime="20250807 16:45:40.790"/>
</kw>
<status status="PASS" starttime="20250807 16:45:40.785" endtime="20250807 16:45:40.790"/>
</kw>
<status status="PASS" starttime="20250807 16:45:40.785" endtime="20250807 16:45:40.790"/>
</kw>
<kw name="Sleep" library="BuiltIn">
<arg>1s</arg>
<doc>Pauses the test executed for the given time.</doc>
<msg timestamp="20250807 16:45:41.791" level="INFO">Slept 1 second</msg>
<status status="PASS" starttime="20250807 16:45:40.790" endtime="20250807 16:45:41.791"/>
</kw>
<status status="PASS" starttime="20250807 16:45:40.785" endtime="20250807 16:45:41.791"/>
</kw>
<doc>Tests uploading a pre-existing media file from the Moovd library.</doc>
<status status="FAIL" starttime="20250807 16:45:40.776" endtime="20250807 16:45:41.792">Setup failed:
No browser is open.</status>
</test>
<kw name="Close Browser" library="SeleniumLibrary" type="TEARDOWN">
<doc>Closes the current browser.</doc>
<status status="PASS" starttime="20250807 16:45:41.794" endtime="20250807 16:45:41.794"/>
</kw>
<doc>Test suite for the Exposure feature.
This suite covers copying session links, uploading media,
and verifying functionality.</doc>
<status status="FAIL" starttime="20250807 16:45:21.801" endtime="20250807 16:45:41.794"/>
</suite>
<statistics>
<total>
<stat pass="1" fail="1" skip="0">All Tests</stat>
</total>
<tag>
<stat pass="1" fail="0" skip="0">focus</stat>
<stat pass="1" fail="0" skip="0">smoke</stat>
</tag>
<suite>
<stat pass="1" fail="1" skip="0" id="s1" name="Exposure">Exposure</stat>
</suite>
</statistics>
<errors>
</errors>
</robot>
